This is pdfTeX, Version 3.14159265-2.6-1.40.17 (MiKTeX 2.9) (preloaded format=pdflatex 2016.6.2)  13 JUL 2017 16:36
entering extended mode
**./MS-MVSPC_DissertationVignette.tex
(MS-MVSPC_DissertationVignette.tex
LaTeX2e <2016/03/31>
Babel <3.9r> and hyphenation patterns for 75 language(s) loaded.
("C:\Program Files (x86)\MiKTeX 2.9\tex\latex\base\report.cls"
Document Class: report 2014/09/29 v1.4h Standard LaTeX document class
("C:\Program Files (x86)\MiKTeX 2.9\tex\latex\base\size10.clo"
File: size10.clo 2014/09/29 v1.4h Standard LaTeX file (size option)
)
\c@part=\count79
\c@chapter=\count80
\c@section=\count81
\c@subsection=\count82
\c@subsubsection=\count83
\c@paragraph=\count84
\c@subparagraph=\count85
\c@figure=\count86
\c@table=\count87
\abovecaptionskip=\skip41
\belowcaptionskip=\skip42
\bibindent=\dimen102
)
("C:\Program Files (x86)\MiKTeX 2.9\tex\latex\graphics\graphicx.sty"
Package: graphicx 2014/10/28 v1.0g Enhanced LaTeX Graphics (DPC,SPQR)

("C:\Program Files (x86)\MiKTeX 2.9\tex\latex\graphics\keyval.sty"
Package: keyval 2014/10/28 v1.15 key=value parser (DPC)
\KV@toks@=\toks14
)
("C:\Program Files (x86)\MiKTeX 2.9\tex\latex\graphics\graphics.sty"
Package: graphics 2016/05/09 v1.0r Standard LaTeX Graphics (DPC,SPQR)

("C:\Program Files (x86)\MiKTeX 2.9\tex\latex\graphics\trig.sty"
Package: trig 2016/01/03 v1.10 sin cos tan (DPC)
)
("C:\Program Files (x86)\MiKTeX 2.9\tex\latex\00miktex\graphics.cfg"
File: graphics.cfg 2016/01/02 v1.10 sample graphics configuration
)
Package graphics Info: Driver file: pdftex.def on input line 96.

("C:\Program Files (x86)\MiKTeX 2.9\tex\latex\pdftex-def\pdftex.def"
File: pdftex.def 2011/05/27 v0.06d Graphics/color for pdfTeX

("C:\Program Files (x86)\MiKTeX 2.9\tex\generic\oberdiek\infwarerr.sty"
Package: infwarerr 2016/05/16 v1.4 Providing info/warning/error messages (HO)
)
("C:\Program Files (x86)\MiKTeX 2.9\tex\generic\oberdiek\ltxcmds.sty"
Package: ltxcmds 2016/05/16 v1.23 LaTeX kernel commands for general use (HO)
)
\Gread@gobject=\count88
))
\Gin@req@height=\dimen103
\Gin@req@width=\dimen104
)
("C:\Program Files (x86)\MiKTeX 2.9\tex\latex\graphics\color.sty"
Package: color 2016/05/09 v1.1c Standard LaTeX Color (DPC)

("C:\Program Files (x86)\MiKTeX 2.9\tex\latex\00miktex\color.cfg"
File: color.cfg 2016/01/02 v1.6 sample color configuration
)
Package color Info: Driver file: pdftex.def on input line 144.
)
("C:\Program Files (x86)\MiKTeX 2.9\tex\latex\framed\framed.sty"
Package: framed 2011/10/22 v 0.96: framed or shaded text with page breaks
\OuterFrameSep=\skip43
\fb@frw=\dimen105
\fb@frh=\dimen106
\FrameRule=\dimen107
\FrameSep=\dimen108
)
("C:\Program Files (x86)\MiKTeX 2.9\tex\latex\base\alltt.sty"
Package: alltt 1997/06/16 v2.0g defines alltt environment
)
("C:\Program Files (x86)\MiKTeX 2.9\tex\latex\amsmath\amsmath.sty"
Package: amsmath 2016/03/10 v2.15b AMS math features
\@mathmargin=\skip44

For additional information on amsmath, use the `?' option.
("C:\Program Files (x86)\MiKTeX 2.9\tex\latex\amsmath\amstext.sty"
Package: amstext 2000/06/29 v2.01 AMS text

("C:\Program Files (x86)\MiKTeX 2.9\tex\latex\amsmath\amsgen.sty"
File: amsgen.sty 1999/11/30 v2.0 generic functions
\@emptytoks=\toks15
\ex@=\dimen109
))
("C:\Program Files (x86)\MiKTeX 2.9\tex\latex\amsmath\amsbsy.sty"
Package: amsbsy 1999/11/29 v1.2d Bold Symbols
\pmbraise@=\dimen110
)
("C:\Program Files (x86)\MiKTeX 2.9\tex\latex\amsmath\amsopn.sty"
Package: amsopn 2016/03/08 v2.02 operator names
)
\inf@bad=\count89
LaTeX Info: Redefining \frac on input line 199.
\uproot@=\count90
\leftroot@=\count91
LaTeX Info: Redefining \overline on input line 297.
\classnum@=\count92
\DOTSCASE@=\count93
LaTeX Info: Redefining \ldots on input line 394.
LaTeX Info: Redefining \dots on input line 397.
LaTeX Info: Redefining \cdots on input line 518.
\Mathstrutbox@=\box26
\strutbox@=\box27
\big@size=\dimen111
LaTeX Font Info:    Redeclaring font encoding OML on input line 634.
LaTeX Font Info:    Redeclaring font encoding OMS on input line 635.
\macc@depth=\count94
\c@MaxMatrixCols=\count95
\dotsspace@=\muskip10
\c@parentequation=\count96
\dspbrk@lvl=\count97
\tag@help=\toks16
\row@=\count98
\column@=\count99
\maxfields@=\count100
\andhelp@=\toks17
\eqnshift@=\dimen112
\alignsep@=\dimen113
\tagshift@=\dimen114
\tagwidth@=\dimen115
\totwidth@=\dimen116
\lineht@=\dimen117
\@envbody=\toks18
\multlinegap=\skip45
\multlinetaggap=\skip46
\mathdisplay@stack=\toks19
LaTeX Info: Redefining \[ on input line 2739.
LaTeX Info: Redefining \] on input line 2740.
)
("C:\Program Files (x86)\MiKTeX 2.9\tex\latex\amsfonts\amssymb.sty"
Package: amssymb 2013/01/14 v3.01 AMS font symbols

("C:\Program Files (x86)\MiKTeX 2.9\tex\latex\amsfonts\amsfonts.sty"
Package: amsfonts 2013/01/14 v3.01 Basic AMSFonts support
\symAMSa=\mathgroup4
\symAMSb=\mathgroup5
LaTeX Font Info:    Overwriting math alphabet `\mathfrak' in version `bold'
(Font)                  U/euf/m/n --> U/euf/b/n on input line 106.
))
("C:\Program Files (x86)\MiKTeX 2.9\tex\latex\hyperref\hyperref.sty"
Package: hyperref 2016/05/05 v6.83n Hypertext links for LaTeX

("C:\Program Files (x86)\MiKTeX 2.9\tex\generic\oberdiek\hobsub-hyperref.sty"
Package: hobsub-hyperref 2016/05/16 v1.14 Bundle oberdiek, subset hyperref (HO)


("C:\Program Files (x86)\MiKTeX 2.9\tex\generic\oberdiek\hobsub-generic.sty"
Package: hobsub-generic 2016/05/16 v1.14 Bundle oberdiek, subset generic (HO)
Package: hobsub 2016/05/16 v1.14 Construct package bundles (HO)
Package hobsub Info: Skipping package `infwarerr' (already loaded).
Package hobsub Info: Skipping package `ltxcmds' (already loaded).
Package: ifluatex 2016/05/16 v1.4 Provides the ifluatex switch (HO)
Package ifluatex Info: LuaTeX not detected.
Package: ifvtex 2016/05/16 v1.6 Detect VTeX and its facilities (HO)
Package ifvtex Info: VTeX not detected.
Package: intcalc 2016/05/16 v1.2 Expandable calculations with integers (HO)
Package: ifpdf 2016/05/14 v3.1 Provides the ifpdf switch
Package: etexcmds 2016/05/16 v1.6 Avoid name clashes with e-TeX commands (HO)
Package etexcmds Info: Could not find \expanded.
(etexcmds)             That can mean that you are not using pdfTeX 1.50 or
(etexcmds)             that some package has redefined \expanded.
(etexcmds)             In the latter case, load this package earlier.
Package: kvsetkeys 2016/05/16 v1.17 Key value parser (HO)
Package: kvdefinekeys 2016/05/16 v1.4 Define keys (HO)
Package: pdftexcmds 2016/05/10 v0.21 Utility functions of pdfTeX for LuaTeX (HO
)
Package pdftexcmds Info: LuaTeX not detected.
Package pdftexcmds Info: \pdf@primitive is available.
Package pdftexcmds Info: \pdf@ifprimitive is available.
Package pdftexcmds Info: \pdfdraftmode found.
Package: pdfescape 2016/05/16 v1.14 Implements pdfTeX's escape features (HO)
Package: bigintcalc 2016/05/16 v1.4 Expandable calculations on big integers (HO
)
Package: bitset 2016/05/16 v1.2 Handle bit-vector datatype (HO)
Package: uniquecounter 2016/05/16 v1.3 Provide unlimited unique counter (HO)
)
Package hobsub Info: Skipping package `hobsub' (already loaded).
Package: letltxmacro 2016/05/16 v1.5 Let assignment for LaTeX macros (HO)
Package: hopatch 2016/05/16 v1.3 Wrapper for package hooks (HO)
Package: xcolor-patch 2016/05/16 xcolor patch
Package: atveryend 2016/05/16 v1.9 Hooks at the very end of document (HO)
Package atveryend Info: \enddocument detected (standard20110627).
Package: atbegshi 2016/05/16 v1.17 At begin shipout hook (HO)
Package: refcount 2016/05/16 v3.5 Data extraction from label references (HO)
Package: hycolor 2016/05/16 v1.8 Color options for hyperref/bookmark (HO)
)
("C:\Program Files (x86)\MiKTeX 2.9\tex\generic\ifxetex\ifxetex.sty"
Package: ifxetex 2010/09/12 v0.6 Provides ifxetex conditional
)
("C:\Program Files (x86)\MiKTeX 2.9\tex\latex\oberdiek\auxhook.sty"
Package: auxhook 2016/05/16 v1.4 Hooks for auxiliary files (HO)
)
("C:\Program Files (x86)\MiKTeX 2.9\tex\latex\oberdiek\kvoptions.sty"
Package: kvoptions 2016/05/16 v3.12 Key value format for package options (HO)
)
\@linkdim=\dimen118
\Hy@linkcounter=\count101
\Hy@pagecounter=\count102

("C:\Program Files (x86)\MiKTeX 2.9\tex\latex\hyperref\pd1enc.def"
File: pd1enc.def 2016/05/05 v6.83n Hyperref: PDFDocEncoding definition (HO)
)
\Hy@SavedSpaceFactor=\count103

("C:\Program Files (x86)\MiKTeX 2.9\tex\latex\00miktex\hyperref.cfg"
File: hyperref.cfg 2002/06/06 v1.2 hyperref configuration of TeXLive
)
Package hyperref Info: Hyper figures OFF on input line 4446.
Package hyperref Info: Link nesting OFF on input line 4451.
Package hyperref Info: Hyper index ON on input line 4454.
Package hyperref Info: Plain pages OFF on input line 4461.
Package hyperref Info: Backreferencing OFF on input line 4466.
Package hyperref Info: Implicit mode ON; LaTeX internals redefined.
Package hyperref Info: Bookmarks ON on input line 4691.
\c@Hy@tempcnt=\count104

("C:\Program Files (x86)\MiKTeX 2.9\tex\latex\url\url.sty"
\Urlmuskip=\muskip11
Package: url 2013/09/16  ver 3.4  Verb mode for urls, etc.
)
LaTeX Info: Redefining \url on input line 5044.
\XeTeXLinkMargin=\dimen119
\Fld@menulength=\count105
\Field@Width=\dimen120
\Fld@charsize=\dimen121
Package hyperref Info: Hyper figures OFF on input line 6298.
Package hyperref Info: Link nesting OFF on input line 6303.
Package hyperref Info: Hyper index ON on input line 6306.
Package hyperref Info: backreferencing OFF on input line 6313.
Package hyperref Info: Link coloring OFF on input line 6318.
Package hyperref Info: Link coloring with OCG OFF on input line 6323.
Package hyperref Info: PDF/A mode OFF on input line 6328.
LaTeX Info: Redefining \ref on input line 6368.
LaTeX Info: Redefining \pageref on input line 6372.
\Hy@abspage=\count106
\c@Item=\count107
\c@Hfootnote=\count108
)

Package hyperref Message: Driver (autodetected): hpdftex.

("C:\Program Files (x86)\MiKTeX 2.9\tex\latex\hyperref\hpdftex.def"
File: hpdftex.def 2016/05/05 v6.83n Hyperref driver for pdfTeX
\Fld@listcount=\count109
\c@bookmark@seq@number=\count110

("C:\Program Files (x86)\MiKTeX 2.9\tex\latex\oberdiek\rerunfilecheck.sty"
Package: rerunfilecheck 2016/05/16 v1.8 Rerun checks for auxiliary files (HO)
Package uniquecounter Info: New unique counter `rerunfilecheck' on input line 2
82.
)
\Hy@SectionHShift=\skip47
)
("C:\Program Files (x86)\MiKTeX 2.9\tex\latex\tools\enumerate.sty"
Package: enumerate 2015/07/23 v3.00 enumerate extensions (DPC)
\@enLab=\toks20
)
("C:\Program Files (x86)\MiKTeX 2.9\tex\latex\upquote\upquote.sty"
Package: upquote 2012/04/19 v1.3 upright-quote and grave-accent glyphs in verba
tim
)
No file MS-MVSPC_DissertationVignette.aux.
\openout1 = `MS-MVSPC_DissertationVignette.aux'.

LaTeX Font Info:    Checking defaults for OML/cmm/m/it on input line 56.
LaTeX Font Info:    ... okay on input line 56.
LaTeX Font Info:    Checking defaults for T1/cmr/m/n on input line 56.
LaTeX Font Info:    ... okay on input line 56.
LaTeX Font Info:    Checking defaults for OT1/cmr/m/n on input line 56.
LaTeX Font Info:    ... okay on input line 56.
LaTeX Font Info:    Checking defaults for OMS/cmsy/m/n on input line 56.
LaTeX Font Info:    ... okay on input line 56.
LaTeX Font Info:    Checking defaults for OMX/cmex/m/n on input line 56.
LaTeX Font Info:    ... okay on input line 56.
LaTeX Font Info:    Checking defaults for U/cmr/m/n on input line 56.
LaTeX Font Info:    ... okay on input line 56.
LaTeX Font Info:    Checking defaults for PD1/pdf/m/n on input line 56.
LaTeX Font Info:    ... okay on input line 56.
("C:\Program Files (x86)\MiKTeX 2.9\tex\context\base\supp-pdf.mkii"
[Loading MPS to PDF converter (version 2006.09.02).]
\scratchcounter=\count111
\scratchdimen=\dimen122
\scratchbox=\box28
\nofMPsegments=\count112
\nofMParguments=\count113
\everyMPshowfont=\toks21
\MPscratchCnt=\count114
\MPscratchDim=\dimen123
\MPnumerator=\count115
\makeMPintoPDFobject=\count116
\everyMPtoPDFconversion=\toks22
) ("C:\Program Files (x86)\MiKTeX 2.9\tex\latex\oberdiek\epstopdf-base.sty"
Package: epstopdf-base 2016/05/15 v2.6 Base part for package epstopdf

("C:\Program Files (x86)\MiKTeX 2.9\tex\latex\oberdiek\grfext.sty"
Package: grfext 2016/05/16 v1.2 Manage graphics extensions (HO)
)
Package grfext Info: Graphics extension search list:
(grfext)             [.png,.pdf,.jpg,.mps,.jpeg,.jbig2,.jb2,.PNG,.PDF,.JPG,.JPE
G,.JBIG2,.JB2,.eps]
(grfext)             \AppendGraphicsExtensions on input line 456.
)
\AtBeginShipoutBox=\box29
Package hyperref Info: Link coloring OFF on input line 56.

("C:\Program Files (x86)\MiKTeX 2.9\tex\latex\hyperref\nameref.sty"
Package: nameref 2012/10/27 v2.43 Cross-referencing by name of section

("C:\Program Files (x86)\MiKTeX 2.9\tex\generic\oberdiek\gettitlestring.sty"
Package: gettitlestring 2016/05/16 v1.5 Cleanup title references (HO)
)
\c@section@level=\count117
)
LaTeX Info: Redefining \ref on input line 56.
LaTeX Info: Redefining \pageref on input line 56.
LaTeX Info: Redefining \nameref on input line 56.
\@outlinefile=\write3
\openout3 = `MS-MVSPC_DissertationVignette.out'.


Chapter 1.
LaTeX Font Info:    Font shape `OT1/cmtt/bx/n' in size <24.88> not available
(Font)              Font shape `OT1/cmtt/m/n' tried instead on input line 58.

LaTeX Warning: Citation `kazor_comparison_2016' on page 1 undefined on input li
ne 69.

Package color Info: Redefining color shadecolor on input line 71.
LaTeX Font Info:    Font shape `OT1/cmtt/bx/n' in size <10> not available
(Font)              Font shape `OT1/cmtt/m/n' tried instead on input line 73.

Overfull \hbox (69.74638pt too wide) in paragraph at lines 73--73
[] []\OT1/cmtt/m/n/10 devtools[][]::[][]install_github[][]([][]"gabrielodom/mvM
onitoring"[][],[] []auth_token[] []=[] []"tokenHere"[][])[][] 
 []

LaTeX Font Info:    Try loading font information for U+msa on input line 77.
("C:\Program Files (x86)\MiKTeX 2.9\tex\latex\amsfonts\umsa.fd"
File: umsa.fd 2013/01/14 v3.01 AMS symbols A
)
LaTeX Font Info:    Try loading font information for U+msb on input line 77.

("C:\Program Files (x86)\MiKTeX 2.9\tex\latex\amsfonts\umsb.fd"
File: umsb.fd 2013/01/14 v3.01 AMS symbols B
)

LaTeX Warning: Reference `sec:D_Motivation' on page 1 undefined on input line 8
0.


LaTeX Warning: Reference `sec:D_DataGen' on page 1 undefined on input line 80.


LaTeX Warning: Reference `sec:D_Train' on page 1 undefined on input line 80.


LaTeX Warning: Reference `sec:D_Alarms' on page 1 undefined on input line 80.


LaTeX Warning: Reference `sec:D_Workflow' on page 1 undefined on input line 80.



LaTeX Warning: Reference `sec:D_Conclusion' on page 1 undefined on input line 8
0.

[1


{C:/ProgramData/MiKTeX/2.9/pdftex/config/pdftex.map}]
LaTeX Font Info:    Font shape `OT1/cmtt/bx/n' in size <12> not available
(Font)              Font shape `OT1/cmtt/m/n' tried instead on input line 90.


LaTeX Warning: Citation `kazor_comparison_2016' on page 2 undefined on input li
ne 97.

LaTeX Font Info:    Font shape `OT1/cmtt/bx/n' in size <14.4> not available
(Font)              Font shape `OT1/cmtt/m/n' tried instead on input line 105.

LaTeX Warning: Citation `dong_batch_1996' on page 2 undefined on input line 106
.

[2] [3]
Overfull \hbox (0.49078pt too wide) in paragraph at lines 176--178
\OT1/cmr/m/n/10 of 10,080 ob-ser-va-tions. These faults are added through the i
n-ter-nal \OT1/cmtt/m/n/10 faultSwitch
 []

[4]

LaTeX Warning: Reference `sec:D_Workflow' on page 5 undefined on input line 199
.


Overfull \hbox (2.94453pt too wide) in paragraph at lines 209--210
\OT1/cmr/m/n/10 The \OT1/cmtt/m/n/10 mspTrain \OT1/cmr/m/n/10 func-tion will ge
n-er-ate pro-jec-tion ma-tri-ces and test statis-tic thresh-
 []

[5] [6]

LaTeX Warning: Reference `chap:MS_MVSPC' on page 7 undefined on input line 231.



LaTeX Warning: Reference `sec:D_Alarms' on page 7 undefined on input line 233.


LaTeX Warning: Reference `sec:D_Workflow' on page 7 undefined on input line 233
.

[7]
Overfull \hbox (2.9717pt too wide) in paragraph at lines 245--246
[]\OT1/cmr/m/n/10 The \OT1/cmtt/m/n/10 mspWarning \OT1/cmr/m/n/10 func-tion tak
es in an ob-ser-va-tion re-turned by the \OT1/cmtt/m/n/10 mspMonitor
 []

Package color Info: Redefining color shadecolor on input line 259.

Overfull \hbox (38.24666pt too wide) in paragraph at lines 264--264
[][]\OT1/cmtt/m/n/10 build[][]([][]"C:/Users/gabriel_odom/Documents/GitHub/mvMo
nitoring/mvMonitoring"[][])[][] 
 []


Overfull \hbox (106.49606pt too wide) in paragraph at lines 268--268
[]\OT1/cmtt/m/n/10 ## [1] "C:/Users/gabriel_odom/Documents/GitHub/mvMonitoring/
mvMonitoring_0.1.1.tar.gz"[] 
 []

[8]
Package color Info: Redefining color shadecolor on input line 280.

Overfull \hbox (11.99689pt too wide) in paragraph at lines 285--285
[]                              []\OT1/cmtt/m/n/10 startTime[] []=[] []"2015-05
-16 10:00:00 CST"[][])[][] 
 []


Overfull \hbox (38.24666pt too wide) in paragraph at lines 297--297
[]\OT1/cmtt/m/n/10 ## An xts object on 2015-05-16 10:00:00/2015-05-23 09:59:0
0 containing:[] 
 []

Package color Info: Redefining color shadecolor on input line 321.
[9]
Overfull \hbox (137.99579pt too wide) in paragraph at lines 387--387
[]\OT1/cmtt/m/n/10 ##  $ FaultChecks    :An xts object on 2015-05-19 08:59:00
/2015-05-22 07:00:00 containing:[] 
 []


Overfull \hbox (137.99579pt too wide) in paragraph at lines 387--387
[]\OT1/cmtt/m/n/10 ##  $ Non_Alarmed_Obs:An xts object on 2015-05-19 08:59:00
/2015-05-22 07:00:00 containing:[] 
 []


Overfull \hbox (74.99634pt too wide) in paragraph at lines 387--387
[]\OT1/cmtt/m/n/10 ##   .. ..$ projectionMatrix: num [1:6, 1:2] 0.422 -0.386 0.
435 0.431 -0.318 ...[] 
 []


Overfull \hbox (48.74657pt too wide) in paragraph at lines 387--387
[]\OT1/cmtt/m/n/10 ##   .. ..$ muTrain         : Named num [1:6] 1.37 -2.1 2.95
 1.36 -2.06 ...[] 
 []


Overfull \hbox (111.74602pt too wide) in paragraph at lines 387--387
[]\OT1/cmtt/m/n/10 ##   .. ..$ projectionMatrix: num [1:6, 1:3] -0.4957 -0.0668
 0.4887 -0.5236 -0.1866 ...[] 
 []


Overfull \hbox (1.49698pt too wide) in paragraph at lines 387--387
[]\OT1/cmtt/m/n/10 ##   .. ..$ LambdaInv       : num [1:3, 1:3] 0.284 0 0 0 0.7
12 ...[] 
 []


Overfull \hbox (80.24629pt too wide) in paragraph at lines 387--387
[]\OT1/cmtt/m/n/10 ##   .. ..$ muTrain         : Named num [1:6] 2.978 -0.566 -
4.508 2.95 -0.592 ...[] 
 []


Overfull \hbox (85.49625pt too wide) in paragraph at lines 387--387
[]\OT1/cmtt/m/n/10 ##   .. ..$ projectionMatrix: num [1:6, 1:2] -0.392 -0.452 -
0.454 0.163 -0.462 ...[] 
 []


Overfull \hbox (64.49643pt too wide) in paragraph at lines 387--387
[]\OT1/cmtt/m/n/10 ##   .. ..$ muTrain         : Named num [1:6] 0.528 0.268 1.
413 0.57 0.254 ...[] 
 []

[10] [11]
Package color Info: Redefining color shadecolor on input line 432.

Overfull \hbox (11.99689pt too wide) in paragraph at lines 455--455
[]\OT1/cmtt/m/n/10 ##                     state         x         y         z  
     x.1[] 
 []


Overfull \hbox (11.99689pt too wide) in paragraph at lines 455--455
[]\OT1/cmtt/m/n/10 ## 2015-05-22 07:00:00     1 0.5454353 -1.494528 0.9296569 0
.4159290[] 
 []


Overfull \hbox (11.99689pt too wide) in paragraph at lines 455--455
[]\OT1/cmtt/m/n/10 ## 2015-05-22 07:01:00     1 0.5752773 -1.638525 1.1806822 0
.5454353[] 
 []


Overfull \hbox (11.99689pt too wide) in paragraph at lines 455--455
[]\OT1/cmtt/m/n/10 ## 2015-05-22 07:02:00     1 0.5381703 -1.448424 1.0029127 0
.5752773[] 
 []


Overfull \hbox (11.99689pt too wide) in paragraph at lines 455--455
[]\OT1/cmtt/m/n/10 ## 2015-05-22 07:03:00     1 0.6097887 -1.320156 0.9345597 0
.5381703[] 
 []


Overfull \hbox (11.99689pt too wide) in paragraph at lines 455--455
[]\OT1/cmtt/m/n/10 ## 2015-05-22 07:04:00     1 0.8534018 -1.555631 1.0922745 0
.6097887[] 
 []


Overfull \hbox (11.99689pt too wide) in paragraph at lines 455--455
[]\OT1/cmtt/m/n/10 ## 2015-05-22 07:05:00     1 0.7252695 -1.792569 1.1605990 0
.8534018[] 
 []

[12]
Package color Info: Redefining color shadecolor on input line 462.

Overfull \hbox (27.74675pt too wide) in paragraph at lines 466--466
[]                            []\OT1/cmtt/m/n/10 trainingSummary[] []= train1A_
ls[][]$[][]TrainingSpecs)[][] 
 []


Overfull \hbox (38.24666pt too wide) in paragraph at lines 484--484
[]\OT1/cmtt/m/n/10 ##                             x         y         z       x
.1        y.1[] 
 []


Overfull \hbox (38.24666pt too wide) in paragraph at lines 484--484
[]\OT1/cmtt/m/n/10 ## 2015-05-22 07:00:00 0.5454353 -1.494528 0.9296569 0.41592
90  0.1063122[] 
 []


Overfull \hbox (38.24666pt too wide) in paragraph at lines 484--484
[]\OT1/cmtt/m/n/10 ## 2015-05-22 07:01:00 0.5752773 -1.638525 1.1806822 0.54543
53 -1.4945284[] 
 []


Overfull \hbox (38.24666pt too wide) in paragraph at lines 484--484
[]\OT1/cmtt/m/n/10 ## 2015-05-22 07:02:00 0.5381703 -1.448424 1.0029127 0.57527
73 -1.6385255[] 
 []


Overfull \hbox (38.24666pt too wide) in paragraph at lines 484--484
[]\OT1/cmtt/m/n/10 ## 2015-05-22 07:03:00 0.6097887 -1.320156 0.9345597 0.53817
03 -1.4484243[] 
 []


Overfull \hbox (38.24666pt too wide) in paragraph at lines 484--484
[]\OT1/cmtt/m/n/10 ## 2015-05-22 07:04:00 0.8534018 -1.555631 1.0922745 0.60978
87 -1.3201558[] 
 []


Overfull \hbox (38.24666pt too wide) in paragraph at lines 484--484
[]\OT1/cmtt/m/n/10 ## 2015-05-22 07:05:00 0.7252695 -1.792569 1.1605990 0.85340
18 -1.5556311[] 
 []


Overfull \hbox (48.74657pt too wide) in paragraph at lines 484--484
[]\OT1/cmtt/m/n/10 ##                           z.1       SPE SPE_Flag        T
2 T2_Flag Alarm[] 
 []


Overfull \hbox (48.74657pt too wide) in paragraph at lines 484--484
[]\OT1/cmtt/m/n/10 ## 2015-05-22 07:00:00 0.3767823 0.8309122        0 27.23395
5       0    NA[] 
 []


Overfull \hbox (48.74657pt too wide) in paragraph at lines 484--484
[]\OT1/cmtt/m/n/10 ## 2015-05-22 07:01:00 0.9296569 0.0575549        0  4.36135
9       0    NA[] 
 []


Overfull \hbox (48.74657pt too wide) in paragraph at lines 484--484
[]\OT1/cmtt/m/n/10 ## 2015-05-22 07:02:00 1.1806822 0.4782941        0  5.06256
8       0    NA[] 
 []


Overfull \hbox (48.74657pt too wide) in paragraph at lines 484--484
[]\OT1/cmtt/m/n/10 ## 2015-05-22 07:03:00 1.0029127 1.0857386        0  5.47163
3       0    NA[] 
 []


Overfull \hbox (48.74657pt too wide) in paragraph at lines 484--484
[]\OT1/cmtt/m/n/10 ## 2015-05-22 07:04:00 0.9345597 0.2959896        0  4.62629
1       0    NA[] 
 []


Overfull \hbox (48.74657pt too wide) in paragraph at lines 484--484
[]\OT1/cmtt/m/n/10 ## 2015-05-22 07:05:00 1.0922745 0.3100297        0  2.91387
7       0    NA[] 
 []

Package color Info: Redefining color shadecolor on input line 492.
[13]
LaTeX Font Info:    Try loading font information for OMS+cmtt on input line 495
.
 (C:/PROGRA~1/R/R-34~1.0/share/texmf/tex/latex\omscmtt.fd
File: omscmtt.fd 
)
LaTeX Font Info:    Font shape `OMS/cmtt/m/n' in size <10> not available
(Font)              Font shape `OMS/cmsy/m/n' tried instead on input line 495.

Overfull \hbox (1.49698pt too wide) in paragraph at lines 499--499
[]    []\OT1/cmtt/m/n/10 alarm1A_xts[(i[] []-[] []5[][])[][]:[][]i,][] []<-[] [
]mspWarning[][](alarm1A_xts[(i[] []-[] []5[][])[][]:[][]i,])[][] 
 []

Package color Info: Redefining color shadecolor on input line 507.
<figure/r_warning_Plot-1.pdf, id=136, 505.89pt x 505.89pt>
File: figure/r_warning_Plot-1.pdf Graphic file (type pdf)

<use figure/r_warning_Plot-1.pdf>
Package pdftex.def Info: figure/r_warning_Plot-1.pdf used on input line 513.
(pdftex.def)             Requested size: 345.0pt x 345.00414pt.

Overfull \hbox (15.0pt too wide) in paragraph at lines 513--514
[][] 
 []

[14] [15 <./figure/r_warning_Plot-1.pdf>]
Package atveryend Info: Empty hook `BeforeClearDocument' on input line 534.
 [16]
Package atveryend Info: Empty hook `AfterLastShipout' on input line 534.

(MS-MVSPC_DissertationVignette.aux)
Package atveryend Info: Executing hook `AtVeryEndDocument' on input line 534.
Package atveryend Info: Executing hook `AtEndAfterFileList' on input line 534.


Package rerunfilecheck Warning: File `MS-MVSPC_DissertationVignette.out' has ch
anged.
(rerunfilecheck)                Rerun to get outlines right
(rerunfilecheck)                or use package `bookmark'.

Package rerunfilecheck Info: Checksums for `MS-MVSPC_DissertationVignette.out':

(rerunfilecheck)             Before: <no file>
(rerunfilecheck)             After:  1D30BF558BA44C845D9754172933F9D8;1726.

LaTeX Warning: There were undefined references.


LaTeX Warning: Label(s) may have changed. Rerun to get cross-references right.

Package atveryend Info: Empty hook `AtVeryVeryEnd' on input line 534.
 ) 
Here is how much of TeX's memory you used:
 6222 strings out of 493335
 89434 string characters out of 3136660
 181661 words of memory out of 3000000
 9594 multiletter control sequences out of 15000+200000
 11408 words of font info for 44 fonts, out of 3000000 for 9000
 1141 hyphenation exceptions out of 8191
 29i,12n,28p,1096b,448s stack positions out of 5000i,500n,10000p,200000b,50000s
<C:/Program Files (x86)/MiKTeX 2.9/fonts/type1/public/amsfonts/cm/cmbx10.pfb>
<C:/Program Files (x86)/MiKTeX 2.9/fonts/type1/public/amsfonts/cm/cmbx12.pfb><C
:/Program Files (x86)/MiKTeX 2.9/fonts/type1/public/amsfonts/cm/cmex10.pfb><C:/
Program Files (x86)/MiKTeX 2.9/fonts/type1/public/amsfonts/cm/cmitt10.pfb><C:/P
rogram Files (x86)/MiKTeX 2.9/fonts/type1/public/amsfonts/cm/cmmi10.pfb><C:/Pro
gram Files (x86)/MiKTeX 2.9/fonts/type1/public/amsfonts/cm/cmmi7.pfb><C:/Progra
m Files (x86)/MiKTeX 2.9/fonts/type1/public/amsfonts/cm/cmmib10.pfb><C:/Program
 Files (x86)/MiKTeX 2.9/fonts/type1/public/amsfonts/cm/cmr10.pfb><C:/Program Fi
les (x86)/MiKTeX 2.9/fonts/type1/public/amsfonts/cm/cmr7.pfb><C:/Program Files 
(x86)/MiKTeX 2.9/fonts/type1/public/amsfonts/cm/cmsy10.pfb><C:/Program Files (x
86)/MiKTeX 2.9/fonts/type1/public/amsfonts/cm/cmsy7.pfb><C:/Program Files (x86)
/MiKTeX 2.9/fonts/type1/public/amsfonts/cm/cmti10.pfb><C:/Program Files (x86)/M
iKTeX 2.9/fonts/type1/public/amsfonts/cm/cmtt10.pfb><C:/Program Files (x86)/MiK
TeX 2.9/fonts/type1/public/amsfonts/cm/cmtt12.pfb>
Output written on MS-MVSPC_DissertationVignette.pdf (16 pages, 231838 bytes).
PDF statistics:
 224 PDF objects out of 1000 (max. 8388607)
 85 named destinations out of 1000 (max. 500000)
 6 words of extra memory for PDF output out of 10000 (max. 10000000)

